2023-10-04 19:58:42,838 INFO o.a.j.u.JMeterUtils: Setting Locale to en_IN
2023-10-04 19:58:42,854 INFO o.a.j.JMeter: Loading user properties from: user.properties
2023-10-04 19:58:42,869 INFO o.a.j.JMeter: Loading system properties from: system.properties
2023-10-04 19:58:42,869 INFO o.a.j.JMeter: Copyright (c) 1998-2020 The Apache Software Foundation
2023-10-04 19:58:42,869 INFO o.a.j.JMeter: Version 5.3
2023-10-04 19:58:42,869 INFO o.a.j.JMeter: java.version=1.8.0_271
2023-10-04 19:58:42,869 INFO o.a.j.JMeter: java.vm.name=Java HotSpot(TM) 64-Bit Server VM
2023-10-04 19:58:42,869 INFO o.a.j.JMeter: os.name=Windows 10
2023-10-04 19:58:42,869 INFO o.a.j.JMeter: os.arch=amd64
2023-10-04 19:58:42,869 INFO o.a.j.JMeter: os.version=10.0
2023-10-04 19:58:42,869 INFO o.a.j.JMeter: file.encoding=Cp1252
2023-10-04 19:58:42,869 INFO o.a.j.JMeter: java.awt.headless=null
2023-10-04 19:58:42,869 INFO o.a.j.JMeter: Max memory     =1420820480
2023-10-04 19:58:42,869 INFO o.a.j.JMeter: Available Processors =8
2023-10-04 19:58:42,869 INFO o.a.j.JMeter: Default Locale=English (India)
2023-10-04 19:58:42,869 INFO o.a.j.JMeter: JMeter  Locale=English (India)
2023-10-04 19:58:42,869 INFO o.a.j.JMeter: JMeterHome=C:\Users\anuru\OneDrive\Documents\dynatrace_software\apache-jmeter-5.3\apache-jmeter-5.3
2023-10-04 19:58:42,869 INFO o.a.j.JMeter: user.dir  =C:\Users\anuru\OneDrive\Documents\dynatrace_software\apache-jmeter-5.3\apache-jmeter-5.3\bin
2023-10-04 19:58:42,869 INFO o.a.j.JMeter: PWD       =C:\Users\anuru\OneDrive\Documents\dynatrace_software\apache-jmeter-5.3\apache-jmeter-5.3\bin
2023-10-04 19:58:42,885 INFO o.a.j.JMeter: IP: 192.168.137.1 Name: LAPTOP-2M7LIGUC FullName: LAPTOP-2M7LIGUC.mshome.net
2023-10-04 19:58:43,010 INFO o.a.j.JMeter: Setting LAF to: laf:javax.swing.plaf.metal.MetalLookAndFeel
2023-10-04 19:58:43,291 INFO o.a.j.JMeter: Loaded icon properties from org/apache/jmeter/images/icon.properties
2023-10-04 19:58:45,119 WARN o.j.r.PluginManager: Found JAR conflict: C:\Users\anuru\OneDrive\Documents\dynatrace_software\apache-jmeter-5.3\apache-jmeter-5.3\lib\ext\jmeter-plugins-manager-1.7.jar and C:\Users\anuru\OneDrive\Documents\dynatrace_software\apache-jmeter-5.3\apache-jmeter-5.3\lib\ext\jmeter-plugins-manager-0.20.jar
2023-10-04 19:58:52,219 INFO o.j.r.PluginManager: Plugins Status: [jpgc-graphs-basic=2.0, jpgc-functions=2.1, jpgc-casutg=2.10, jpgc-dummy=0.4, jpgc-ffw=2.0, jpgc-fifo=0.2, jpgc-perfmon=2.1, jpgc-plugins-manager=0.20, jpgc-tst=2.5, jmeter-core=5.3, jmeter-ftp=5.3, jmeter-http=5.3, jmeter-jdbc=5.3, jmeter-jms=5.3, jmeter-junit=5.3, jmeter-java=5.3, jmeter-ldap=5.3, jmeter-mail=5.3, jmeter-mongodb=5.3, jmeter-native=5.3, jmeter-tcp=5.3, jmeter-components=5.3, jpgc-standard=2.0]
2023-10-04 19:58:52,219 INFO o.j.r.PluginManagerMenuItem: Plugins Manager has upgrades: [jpgc-functions, jpgc-plugins-manager, jpgc-tst]
2023-10-04 19:58:53,047 INFO o.a.j.s.FileServer: Default base='C:\Users\anuru\OneDrive\Documents\dynatrace_software\apache-jmeter-5.3\apache-jmeter-5.3\bin'
2023-10-04 19:58:53,047 INFO o.a.j.g.a.Load: Loading file: C:\Users\anuru\OneDrive\Documents\dynatrace_software\apache-jmeter-5.3\apache-jmeter-5.3\bin\jpetONEPT.jmx
2023-10-04 19:58:53,047 INFO o.a.j.s.FileServer: Set new base='C:\Users\anuru\OneDrive\Documents\dynatrace_software\apache-jmeter-5.3\apache-jmeter-5.3\bin'
2023-10-04 19:58:53,203 INFO o.a.j.s.SaveService: Testplan (JMX) version: 2.2. Testlog (JTL) version: 2.2
2023-10-04 19:58:53,219 INFO o.a.j.s.SaveService: Using SaveService properties file encoding UTF-8
2023-10-04 19:58:53,219 INFO o.a.j.s.SaveService: Using SaveService properties version 5.0
2023-10-04 19:58:53,219 INFO o.a.j.s.SaveService: Loading file: C:\Users\anuru\OneDrive\Documents\dynatrace_software\apache-jmeter-5.3\apache-jmeter-5.3\bin\jpetONEPT.jmx
2023-10-04 19:58:53,422 INFO o.a.j.p.h.s.HTTPSamplerBase: Parser for text/html is org.apache.jmeter.protocol.http.parser.LagartoBasedHtmlParser
2023-10-04 19:58:53,422 INFO o.a.j.p.h.s.HTTPSamplerBase: Parser for application/xhtml+xml is org.apache.jmeter.protocol.http.parser.LagartoBasedHtmlParser
2023-10-04 19:58:53,422 INFO o.a.j.p.h.s.HTTPSamplerBase: Parser for application/xml is org.apache.jmeter.protocol.http.parser.LagartoBasedHtmlParser
2023-10-04 19:58:53,422 INFO o.a.j.p.h.s.HTTPSamplerBase: Parser for text/xml is org.apache.jmeter.protocol.http.parser.LagartoBasedHtmlParser
2023-10-04 19:58:53,422 INFO o.a.j.p.h.s.HTTPSamplerBase: Parser for text/vnd.wap.wml is org.apache.jmeter.protocol.http.parser.RegexpHTMLParser
2023-10-04 19:58:53,422 INFO o.a.j.p.h.s.HTTPSamplerBase: Parser for text/css is org.apache.jmeter.protocol.http.parser.CssParser
2023-10-04 19:58:53,733 INFO o.a.j.e.KeyToolUtils: keytool found at 'keytool'
2023-10-04 19:58:53,733 INFO o.a.j.p.h.p.ProxyControl: HTTP(S) Test Script Recorder SSL Proxy will use keys that support embedded 3rd party resources in file C:\Users\anuru\OneDrive\Documents\dynatrace_software\apache-jmeter-5.3\apache-jmeter-5.3\bin\proxyserver.jks
2023-10-04 19:58:53,827 INFO o.a.j.e.u.CompoundVariable: Note: Function class names must contain the string: '.functions.'
2023-10-04 19:58:53,827 INFO o.a.j.e.u.CompoundVariable: Note: Function class names must not contain the string: '.gui.'
2023-10-04 19:58:54,358 INFO o.a.j.s.SampleResult: Note: Sample TimeStamps are START times
2023-10-04 19:58:54,358 INFO o.a.j.s.SampleResult: sampleresult.default.encoding is set to ISO-8859-1
2023-10-04 19:58:54,358 INFO o.a.j.s.SampleResult: sampleresult.useNanoTime=true
2023-10-04 19:58:54,358 INFO o.a.j.s.SampleResult: sampleresult.nanoThreadSleep=5000
2023-10-04 19:58:54,765 INFO o.a.j.s.FileServer: Set new base='C:\Users\anuru\OneDrive\Documents\dynatrace_software\apache-jmeter-5.3\apache-jmeter-5.3\bin'
